[debug] [2020-08-12T22:15:16.396Z] ----------------------------------------------------------------------
[debug] [2020-08-12T22:15:16.398Z] Command:       /usr/local/bin/node /usr/local/bin/firebase deploy
[debug] [2020-08-12T22:15:16.398Z] CLI Version:   8.4.3
[debug] [2020-08-12T22:15:16.398Z] Platform:      darwin
[debug] [2020-08-12T22:15:16.398Z] Node Version:  v12.18.0
[debug] [2020-08-12T22:15:16.399Z] Time:          Thu Aug 13 2020 01:15:16 GMT+0300 (Israel Daylight Time)
[debug] [2020-08-12T22:15:16.399Z] ----------------------------------------------------------------------
[debug] [2020-08-12T22:15:16.399Z] 
[debug] [2020-08-12T22:15:16.409Z] > command requires scopes: ["email","openid","https://www.googleapis.com/auth/cloudplatformprojects.readonly","https://www.googleapis.com/auth/firebase","https://www.googleapis.com/auth/cloud-platform"]
[debug] [2020-08-12T22:15:16.409Z] > authorizing via signed-in user
[debug] [2020-08-12T22:15:16.409Z] [iam] checking project jobs-51 for permissions ["cloudfunctions.functions.create","cloudfunctions.functions.delete","cloudfunctions.functions.get","cloudfunctions.functions.list","cloudfunctions.functions.update","cloudfunctions.operations.get","datastore.indexes.create","datastore.indexes.delete","datastore.indexes.list","datastore.indexes.update","firebase.projects.get","firebasehosting.sites.update","firebaserules.releases.create","firebaserules.releases.update","firebaserules.rulesets.create"]
[debug] [2020-08-12T22:15:16.411Z] > refreshing access token with scopes: ["email","https://www.googleapis.com/auth/cloud-platform","https://www.googleapis.com/auth/cloudplatformprojects.readonly","https://www.googleapis.com/auth/firebase","openid"]
[debug] [2020-08-12T22:15:16.411Z] >>> HTTP REQUEST POST https://www.googleapis.com/oauth2/v3/token  
 <request body omitted>
[debug] [2020-08-12T22:15:17.427Z] [iam] error while checking permissions, command may fail: FirebaseError: Authentication Error: Your credentials are no longer valid. Please run firebase login --reauth

For CI servers and headless environments, generate a new token with firebase login:ci
[debug] [2020-08-12T22:15:17.429Z] > refreshing access token with scopes: ["email","https://www.googleapis.com/auth/cloud-platform","https://www.googleapis.com/auth/cloudplatformprojects.readonly","https://www.googleapis.com/auth/firebase","openid"]
[debug] [2020-08-12T22:15:17.429Z] >>> HTTP REQUEST POST https://www.googleapis.com/oauth2/v3/token  
 <request body omitted>
[debug] [2020-08-12T22:15:17.434Z] [functions] service account IAM check errored, deploy may fail: Authentication Error: Your credentials are no longer valid. Please run firebase login --reauth

For CI servers and headless environments, generate a new token with firebase login:ci {"name":"FirebaseError","children":[],"exit":1,"message":"Authentication Error: Your credentials are no longer valid. Please run \u001b[1mfirebase login --reauth\u001b[22m\n\nFor CI servers and headless environments, generate a new token with \u001b[1mfirebase login:ci\u001b[22m","status":500}
[debug] [2020-08-12T22:15:17.436Z] > refreshing access token with scopes: ["email","https://www.googleapis.com/auth/cloud-platform","https://www.googleapis.com/auth/cloudplatformprojects.readonly","https://www.googleapis.com/auth/firebase","openid"]
[debug] [2020-08-12T22:15:17.436Z] >>> HTTP REQUEST POST https://www.googleapis.com/oauth2/v3/token  
 <request body omitted>
[debug] [2020-08-12T22:15:17.440Z] Authentication Error: Your credentials are no longer valid. Please run firebase login --reauth

For CI servers and headless environments, generate a new token with firebase login:ci
[debug] [2020-08-12T22:15:17.705Z] FirebaseError: Authentication Error: Your credentials are no longer valid. Please run firebase login --reauth

For CI servers and headless environments, generate a new token with firebase login:ci
    at Object.<anonymous> (/usr/local/lib/node_modules/firebase-tools/lib/auth.js:23:32)
    at Module._compile (internal/modules/cjs/loader.js:1138:30)
    at Object.Module._extensions..js (internal/modules/cjs/loader.js:1158:10)
    at Module.load (internal/modules/cjs/loader.js:986:32)
    at Function.Module._load (internal/modules/cjs/loader.js:879:14)
    at Module.require (internal/modules/cjs/loader.js:1026:19)
    at require (internal/modules/cjs/helpers.js:72:18)
    at Object.<anonymous> (/usr/local/lib/node_modules/firebase-tools/lib/commands/login.js:20:14)
    at Module._compile (internal/modules/cjs/loader.js:1138:30)
    at Object.Module._extensions..js (internal/modules/cjs/loader.js:1158:10)
    at Module.load (internal/modules/cjs/loader.js:986:32)
    at Function.Module._load (internal/modules/cjs/loader.js:879:14)
    at Module.require (internal/modules/cjs/loader.js:1026:19)
    at require (internal/modules/cjs/helpers.js:72:18)
    at loadCommand (/usr/local/lib/node_modules/firebase-tools/lib/commands/index.js:5:19)
    at module.exports (/usr/local/lib/node_modules/firebase-tools/lib/commands/index.js:89:20)
[error] 
[error] Error: Failed to get Firebase project jobs-51. Please make sure the project exists and your account has permission to access it.
